# JRE version: OpenJDK Runtime Environment Temurin-21.0.1+12 (21.0.1+12) (build 21.0.1+12-LTS)
# Java VM: OpenJDK 64-Bit Server VM Temurin-21.0.1+12 (21.0.1+12-LTS, mixed mode, sharing, tiered, compressed oops, compressed class ptrs, g1 gc, windows-amd64)
GC Precious Log:
 CardTable entry size: 512
 Card Set container configuration: InlinePtr #cards 4 size 8 Array Of Cards #cards 16 size 48 Howl #buckets 8 coarsen threshold 3686 Howl Bitmap #cards 512 size 80 coarsen threshold 460 Card regions per heap region 1 cards per card region 4096
 CPUs: 16 total, 16 available
 Memory: 16088M
 Large Page Support: Disabled
 NUMA Support: Disabled
 Compressed Oops: Enabled (Zero based)
 Heap Region Size: 2M
 Heap Min Capacity: 512M
 Heap Initial Capacity: 512M
 Heap Max Capacity: 4072M
 Pre-touch: Disabled
 Parallel Workers: 4
 Concurrent Workers: 1
 Concurrent Refinement Workers: 4
 Periodic GC: Disabled
 String Deduplication is enabled
Heap:
 garbage-first heap   total 524288K, used 86686K [0x0000000701800000, 0x0000000800000000)
  region size 2048K, 23 young (47104K), 4 survivors (8192K)
 Metaspace       used 41248K, committed 41600K, reserved 1114112K
  class space    used 4977K, committed 5184K, reserved 1048576K
GC Heap History (6 events):
Event: 0.702 GC heap before
{Heap before GC invocations=0 (full 0):
 garbage-first heap   total 524288K, used 81920K [0x0000000701800000, 0x0000000800000000)
  region size 2048K, 40 young (81920K), 0 survivors (0K)
 Metaspace       used 10209K, committed 10432K, reserved 1114112K
  class space    used 930K, committed 1024K, reserved 1048576K
}
Event: 0.712 GC heap after
{Heap after GC invocations=1 (full 0):
 garbage-first heap   total 524288K, used 19936K [0x0000000701800000, 0x0000000800000000)
  region size 2048K, 5 young (10240K), 5 survivors (10240K)
 Metaspace       used 10209K, committed 10432K, reserved 1114112K
  class space    used 930K, committed 1024K, reserved 1048576K
}
Event: 2.121 GC heap before
{Heap before GC invocations=1 (full 0):
 garbage-first heap   total 524288K, used 87520K [0x0000000701800000, 0x0000000800000000)
  region size 2048K, 37 young (75776K), 5 survivors (10240K)
 Metaspace       used 21318K, committed 21504K, reserved 1114112K
  class space    used 2156K, committed 2240K, reserved 1048576K
}
Event: 2.131 GC heap after
{Heap after GC invocations=2 (full 0):
 garbage-first heap   total 524288K, used 29534K [0x0000000701800000, 0x0000000800000000)
  region size 2048K, 5 young (10240K), 5 survivors (10240K)
 Metaspace       used 21318K, committed 21504K, reserved 1114112K
  class space    used 2156K, committed 2240K, reserved 1048576K
}
Event: 3.472 GC heap before
{Heap before GC invocations=3 (full 0):
 garbage-first heap   total 524288K, used 115550K [0x0000000701800000, 0x0000000800000000)
  region size 2048K, 27 young (55296K), 5 survivors (10240K)
 Metaspace       used 35670K, committed 35968K, reserved 1114112K
  class space    used 3963K, committed 4096K, reserved 1048576K
}
Event: 3.479 GC heap after
{Heap after GC invocations=4 (full 0):
 garbage-first heap   total 524288K, used 49822K [0x0000000701800000, 0x0000000800000000)
  region size 2048K, 4 young (8192K), 4 survivors (8192K)
 Metaspace       used 35670K, committed 35968K, reserved 1114112K
  class space    used 3963K, committed 4096K, reserved 1048576K
}

